<?xml version="1.0" encoding="UTF-8"?>
<!-- Generated by org.testng.reporters.JUnitReportReporter -->
<testsuite hostname="DESKTOP-17DQ8NK" failures="0" tests="1" name="TestngSample.NewTest" time="0.268" errors="0" timestamp="2022-02-02T18:33:03 IST" skipped="0">
  <testcase classname="TestngSample.NewTest" name="getTitle" time="0.268"/>
  <system-out/>
</testsuite> <!-- TestngSample.NewTest -->
