<?xml version="1.0" encoding="UTF-8"?>
<!-- Generated by org.testng.reporters.JUnitReportReporter -->
<testsuite hostname="DESKTOP-17DQ8NK" failures="0" tests="2" name="TestngSample.DependsOnmethodTest" time="0.606" errors="0" timestamp="2022-02-02T18:33:03 IST" skipped="0">
  <testcase classname="TestngSample.DependsOnmethodTest" name="getTitleWebsite" time="0.598"/>
  <system-out/>
  <testcase classname="TestngSample.DependsOnmethodTest" name="message" time="0.008"/>
  <system-out/>
</testsuite> <!-- TestngSample.DependsOnmethodTest -->
