<?xml version="1.0" encoding="UTF-8"?>
<!-- Generated by org.testng.reporters.JUnitReportReporter -->
<testsuite hostname="DESKTOP-17DQ8NK" failures="0" tests="2" name="SAMPLE.New" time="0.698" errors="0" timestamp="2022-05-20T19:41:14 IST" skipped="0">
  <testcase classname="SAMPLE.New" name="getTitle" time="0.044"/>
  <system-out/>
  <testcase classname="SAMPLE.New" name="validateText" time="0.654"/>
  <system-out/>
</testsuite> <!-- SAMPLE.New -->
