<?xml version="1.0" encoding="UTF-8"?>
<!-- Generated by org.testng.reporters.JUnitReportReporter -->
<testsuite hostname="DESKTOP-17DQ8NK" failures="0" tests="1" name="SAMPLE.sAMPLE1" time="0.079" errors="0" timestamp="2022-04-27T09:51:13 IST" skipped="0">
  <testcase classname="SAMPLE.sAMPLE1" name="getTitle" time="0.079"/>
  <system-out/>
</testsuite> <!-- SAMPLE.sAMPLE1 -->
